<?xml version="1.0" encoding="UTF-8"?>
<testng-results ignored="0" total="2" passed="2" failed="0" skipped="0">
  <reporter-output>
  </reporter-output>
  <suite started-at="2023-04-24T08:18:19 IST" name="Default suite" finished-at="2023-04-24T08:18:54 IST" duration-ms="35114">
    <groups>
    </groups>
    <test started-at="2023-04-24T08:18:19 IST" name="Default test" finished-at="2023-04-24T08:18:54 IST" duration-ms="35114">
      <class name="testcases.usercreationtest">
        <test-method is-config="true" signature="setupDB()[pri:0, instance:testcases.usercreationtest@21282ed8]" started-at="2023-04-24T08:18:19 IST" name="setupDB" finished-at="2023-04-24T08:18:19 IST" duration-ms="32" status="PASS">
          <reporter-output>
          </reporter-output>
        </test-method> <!-- setupDB -->
        <test-method is-config="true" signature="setupBrowser()[pri:0, instance:testcases.usercreationtest@21282ed8]" started-at="2023-04-24T08:18:23 IST" name="setupBrowser" finished-at="2023-04-24T08:18:38 IST" duration-ms="14495" status="PASS">
          <reporter-output>
          </reporter-output>
        </test-method> <!-- setupBrowser -->
        <test-method signature="loginintoapp233(java.lang.String,java.lang.String)[pri:0, instance:testcases.usercreationtest@21282ed8]" started-at="2023-04-24T08:18:38 IST" name="loginintoapp233" data-provider="checkuser" finished-at="2023-04-24T08:18:40 IST" duration-ms="2816" status="PASS">
          <params>
            <param index="0">
              <value>
                <![CDATA[chandan@test.com]]>
              </value>
            </param>
            <param index="1">
              <value>
                <![CDATA[test123]]>
              </value>
            </param>
          </params>
          <reporter-output>
          </reporter-output>
        </test-method> <!-- loginintoapp233 -->
        <test-method is-config="true" signature="closeBrowser()[pri:0, instance:testcases.usercreationtest@21282ed8]" started-at="2023-04-24T08:18:40 IST" name="closeBrowser" finished-at="2023-04-24T08:18:42 IST" duration-ms="1224" status="PASS">
          <reporter-output>
          </reporter-output>
        </test-method> <!-- closeBrowser -->
        <test-method is-config="true" signature="setupBrowser()[pri:0, instance:testcases.usercreationtest@21282ed8]" started-at="2023-04-24T08:18:42 IST" name="setupBrowser" finished-at="2023-04-24T08:18:49 IST" duration-ms="7247" status="PASS">
          <reporter-output>
          </reporter-output>
        </test-method> <!-- setupBrowser -->
        <test-method signature="usercreation234(java.lang.String,java.lang.String,java.lang.String)[pri:0, instance:testcases.usercreationtest@21282ed8]" started-at="2023-04-24T08:18:49 IST" name="usercreation234" data-provider="Usercreation" finished-at="2023-04-24T08:18:53 IST" duration-ms="3749" status="PASS">
          <params>
            <param index="0">
              <value>
                <![CDATA[Chandan]]>
              </value>
            </param>
            <param index="1">
              <value>
                <![CDATA[chandan@test.com]]>
              </value>
            </param>
            <param index="2">
              <value>
                <![CDATA[test123]]>
              </value>
            </param>
          </params>
          <reporter-output>
          </reporter-output>
        </test-method> <!-- usercreation234 -->
        <test-method is-config="true" signature="closeBrowser()[pri:0, instance:testcases.usercreationtest@21282ed8]" started-at="2023-04-24T08:18:53 IST" name="closeBrowser" finished-at="2023-04-24T08:18:54 IST" duration-ms="883" status="PASS">
          <reporter-output>
          </reporter-output>
        </test-method> <!-- closeBrowser -->
      </class> <!-- testcases.usercreationtest -->
    </test> <!-- Default test -->
  </suite> <!-- Default suite -->
</testng-results>
