<?xml version="1.0" encoding="UTF-8"?>
<testng-results ignored="0" total="1" passed="1" failed="0" skipped="0">
  <reporter-output>
  </reporter-output>
  <suite started-at="2024-08-28T13:50:24 IST" name="Suite" finished-at="2024-08-28T13:50:46 IST" duration-ms="21952">
    <groups>
    </groups>
    <test started-at="2024-08-28T13:50:24 IST" name="Test" finished-at="2024-08-28T13:50:46 IST" duration-ms="21952">
      <class name="testcases.LoginTest">
        <test-method is-config="true" signature="setupDB()[pri:0, instance:testcases.LoginTest@4ff4357f]" started-at="2024-08-28T13:50:24 IST" name="setupDB" finished-at="2024-08-28T13:50:24 IST" duration-ms="62" status="PASS">
          <reporter-output>
          </reporter-output>
        </test-method> <!-- setupDB -->
        <test-method is-config="true" signature="setupBrowser()[pri:0, instance:testcases.LoginTest@4ff4357f]" started-at="2024-08-28T13:50:28 IST" name="setupBrowser" finished-at="2024-08-28T13:50:41 IST" duration-ms="12566" status="PASS">
          <reporter-output>
          </reporter-output>
        </test-method> <!-- setupBrowser -->
        <test-method signature="loginToApplication(java.lang.String,java.lang.String)[pri:0, instance:testcases.LoginTest@4ff4357f]" started-at="2024-08-28T13:50:41 IST" name="loginToApplication" data-provider="loginDetails" finished-at="2024-08-28T13:50:45 IST" duration-ms="3844" status="PASS">
          <params>
            <param index="0">
              <value>
                <![CDATA[ineuron@ineuron.ai]]>
              </value>
            </param>
            <param index="1">
              <value>
                <![CDATA[ineuron]]>
              </value>
            </param>
          </params>
          <reporter-output>
          </reporter-output>
        </test-method> <!-- loginToApplication -->
        <test-method is-config="true" signature="closeBrowser()[pri:0, instance:testcases.LoginTest@4ff4357f]" started-at="2024-08-28T13:50:45 IST" name="closeBrowser" finished-at="2024-08-28T13:50:46 IST" duration-ms="1331" status="PASS">
          <reporter-output>
          </reporter-output>
        </test-method> <!-- closeBrowser -->
      </class> <!-- testcases.LoginTest -->
    </test> <!-- Test -->
  </suite> <!-- Suite -->
</testng-results>
